<?xml version="1.0" encoding="UTF-8"?>
<testsuite name="edu.coursera.parallel.ReciprocalArraySumTest" time="6.408" tests="4" errors="0" skipped="0" failures="4">
  <properties>
[...]
</properties>
  <testcase name="testParSimpleTwoMillion" classname="edu.coursera.parallel.ReciprocalArraySumTest" time="0.067">
    <failure message="Mismatch in result for N = 2000000, expected = 104672.524998, computed = 0.000000, absolute error = 104672.524998" type="junit.framework.AssertionFailedError">junit.framework.AssertionFailedError: Mismatch in result for N = 2000000, expected = 104672.524998, computed = 0.000000, absolute error = 104672.524998
	at junit.framework.Assert.fail(Assert.java:47)
	at junit.framework.Assert.assertTrue(Assert.java:20)
	at edu.coursera.parallel.ReciprocalArraySumTest.parTestHelper(ReciprocalArraySumTest.java:83)
	at edu.coursera.parallel.ReciprocalArraySumTest.testParSimpleTwoMillion(ReciprocalArraySumTest.java:117)
</failure>
  </testcase>
  <testcase name="testParSimpleTwoHundredMillion" classname="edu.coursera.parallel.ReciprocalArraySumTest" time="3.408">
    <failure message="Mismatch in result for N = 200000000, expected = 10459940.214862, computed = 0.000000, absolute error = 10459940.214862" type="junit.framework.AssertionFailedError">junit.framework.AssertionFailedError: Mismatch in result for N = 200000000, expected = 10459940.214862, computed = 0.000000, absolute error = 10459940.214862
	at junit.framework.Assert.fail(Assert.java:47)
	at junit.framework.Assert.assertTrue(Assert.java:20)
	at edu.coursera.parallel.ReciprocalArraySumTest.parTestHelper(ReciprocalArraySumTest.java:83)
	at edu.coursera.parallel.ReciprocalArraySumTest.testParSimpleTwoHundredMillion(ReciprocalArraySumTest.java:127)
</failure>
  </testcase>
  <testcase name="testParManyTaskTwoMillion" classname="edu.coursera.parallel.ReciprocalArraySumTest" time="0.037">
    <failure message="Mismatch in result for N = 2000000, expected = 104672.524998, computed = 0.000000, absolute error = 104672.524998" type="junit.framework.AssertionFailedError">junit.framework.AssertionFailedError: Mismatch in result for N = 2000000, expected = 104672.524998, computed = 0.000000, absolute error = 104672.524998
	at junit.framework.Assert.fail(Assert.java:47)
	at junit.framework.Assert.assertTrue(Assert.java:20)
	at edu.coursera.parallel.ReciprocalArraySumTest.parTestHelper(ReciprocalArraySumTest.java:83)
	at edu.coursera.parallel.ReciprocalArraySumTest.testParManyTaskTwoMillion(ReciprocalArraySumTest.java:140)
</failure>
  </testcase>
  <testcase name="testParManyTaskTwoHundredMillion" classname="edu.coursera.parallel.ReciprocalArraySumTest" time="2.896">
    <failure message="Mismatch in result for N = 200000000, expected = 10459940.214862, computed = 0.000000, absolute error = 10459940.214862" type="junit.framework.AssertionFailedError">junit.framework.AssertionFailedError: Mismatch in result for N = 200000000, expected = 10459940.214862, computed = 0.000000, absolute error = 10459940.214862
	at junit.framework.Assert.fail(Assert.java:47)
	at junit.framework.Assert.assertTrue(Assert.java:20)
	at edu.coursera.parallel.ReciprocalArraySumTest.parTestHelper(ReciprocalArraySumTest.java:83)
	at edu.coursera.parallel.ReciprocalArraySumTest.testParManyTaskTwoHundredMillion(ReciprocalArraySumTest.java:151)
</failure>
  </testcase>
</testsuite>